2021-09-27 12:44:32.275  INFO 4624 --- [restartedMain] c.g.prabhu.MailServiceApplication        : Starting MailServiceApplication using Java 15.0.1 on DESKTOP-45K8SO5 with PID 4624 (F:\Softwares\sts-workspace-new\MailService\target\classes started by Prabhu G in F:\Softwares\sts-workspace-new\MailService)
2021-09-27 12:44:32.279  INFO 4624 --- [restartedMain] c.g.prabhu.MailServiceApplication        : No active profile set, falling back to default profiles: default
2021-09-27 12:44:32.345  INFO 4624 --- [restartedMain] .e.DevToolsPropertyDefaultsPostProcessor : Devtools property defaults active! Set 'spring.devtools.add-properties' to 'false' to disable
2021-09-27 12:44:32.346  INFO 4624 --- [restartedMain] .e.DevToolsPropertyDefaultsPostProcessor : For additional web related logging consider setting the 'logging.level.web' property to 'DEBUG'
2021-09-27 12:44:34.124  INFO 4624 --- [restartedMain] o.s.b.w.embedded.tomcat.TomcatWebServer  : Tomcat initialized with port(s): 9401 (http)
2021-09-27 12:44:34.135  INFO 4624 --- [restartedMain] o.apache.catalina.core.StandardService   : Starting service [Tomcat]
2021-09-27 12:44:34.136  INFO 4624 --- [restartedMain] org.apache.catalina.core.StandardEngine  : Starting Servlet engine: [Apache Tomcat/9.0.53]
2021-09-27 12:44:34.256  INFO 4624 --- [restartedMain] o.a.c.c.C.[Tomcat].[localhost].[/]       : Initializing Spring embedded WebApplicationContext
2021-09-27 12:44:34.256  INFO 4624 --- [restartedMain] w.s.c.ServletWebServerApplicationContext : Root WebApplicationContext: initialization completed in 1909 ms
2021-09-27 12:44:36.144  INFO 4624 --- [restartedMain] o.s.b.a.e.web.EndpointLinksResolver      : Exposing 14 endpoint(s) beneath base path '/actuator'
2021-09-27 12:44:36.186  INFO 4624 --- [restartedMain] o.s.s.web.DefaultSecurityFilterChain     : Will secure any request with [org.springframework.security.web.context.request.async.WebAsyncManagerIntegrationFilter@4052e1a9, org.springframework.security.web.context.SecurityContextPersistenceFilter@1e360a04, org.springframework.security.web.header.HeaderWriterFilter@4e2caf5b, org.springframework.web.filter.CorsFilter@24c53f06, org.springframework.security.web.csrf.CsrfFilter@7605f881, org.springframework.security.web.authentication.logout.LogoutFilter@1d1eb481, org.springframework.security.web.authentication.UsernamePasswordAuthenticationFilter@39a1cd2b, org.springframework.security.web.authentication.ui.DefaultLoginPageGeneratingFilter@62b67877, org.springframework.security.web.authentication.ui.DefaultLogoutPageGeneratingFilter@41d95238, org.springframework.security.web.authentication.www.BasicAuthenticationFilter@2078b026, org.springframework.security.web.savedrequest.RequestCacheAwareFilter@63e12815, org.springframework.security.web.servletapi.SecurityContextHolderAwareRequestFilter@2d304530, org.springframework.security.web.authentication.AnonymousAuthenticationFilter@3c60a4f6, org.springframework.security.web.session.SessionManagementFilter@3b4d32d9, org.springframework.security.web.access.ExceptionTranslationFilter@54b22e75, org.springframework.security.web.access.intercept.FilterSecurityInterceptor@39eea5bf]
2021-09-27 12:44:36.440  INFO 4624 --- [RMI TCP Connection(3)-127.0.0.1] o.a.c.c.C.[Tomcat].[localhost].[/]       : Initializing Spring DispatcherServlet 'dispatcherServlet'
2021-09-27 12:44:36.441  INFO 4624 --- [RMI TCP Connection(3)-127.0.0.1] o.s.web.servlet.DispatcherServlet        : Initializing Servlet 'dispatcherServlet'
2021-09-27 12:44:36.444  INFO 4624 --- [RMI TCP Connection(3)-127.0.0.1] o.s.web.servlet.DispatcherServlet        : Completed initialization in 3 ms
2021-09-27 12:44:36.460  INFO 4624 --- [restartedMain] o.s.b.d.a.OptionalLiveReloadServer       : LiveReload server is running on port 35729
2021-09-27 12:44:36.633  INFO 4624 --- [restartedMain] o.s.b.w.embedded.tomcat.TomcatWebServer  : Tomcat started on port(s): 9401 (http) with context path ''
2021-09-27 12:44:36.643  INFO 4624 --- [restartedMain] c.g.prabhu.MailServiceApplication        : Started MailServiceApplication in 4.89 seconds (JVM running for 5.972)
2021-09-27 12:44:42.265  WARN 4624 --- [registrationTask1] d.c.b.a.c.r.ApplicationRegistrator       : Failed to register application as Application(name=mail-service, managementUrl=http://DESKTOP-45K8SO5:9401/actuator, healthUrl=http://DESKTOP-45K8SO5:9401/actuator/health, serviceUrl=http://DESKTOP-45K8SO5:9401/) at spring-boot-admin ([http://localhost:6060/instances]): I/O error on POST request for "http://localhost:6060/instances": Connection refused: no further information; nested exception is java.net.ConnectException: Connection refused: no further information. Further attempts are logged on DEBUG level
2021-09-27 12:44:54.495  INFO 4624 --- [restartedMain] c.g.prabhu.MailServiceApplication        : Starting MailServiceApplication using Java 15.0.1 on DESKTOP-45K8SO5 with PID 4624 (F:\Softwares\sts-workspace-new\MailService\target\classes started by Prabhu G in F:\Softwares\sts-workspace-new\MailService)
2021-09-27 12:44:54.496  INFO 4624 --- [restartedMain] c.g.prabhu.MailServiceApplication        : No active profile set, falling back to default profiles: default
2021-09-27 12:44:54.966  INFO 4624 --- [restartedMain] o.s.b.w.embedded.tomcat.TomcatWebServer  : Tomcat initialized with port(s): 9401 (http)
2021-09-27 12:44:54.968  INFO 4624 --- [restartedMain] o.apache.catalina.core.StandardService   : Starting service [Tomcat]
2021-09-27 12:44:54.968  INFO 4624 --- [restartedMain] org.apache.catalina.core.StandardEngine  : Starting Servlet engine: [Apache Tomcat/9.0.53]
2021-09-27 12:44:54.992  INFO 4624 --- [restartedMain] o.a.c.c.C.[Tomcat].[localhost].[/]       : Initializing Spring embedded WebApplicationContext
2021-09-27 12:44:54.992  INFO 4624 --- [restartedMain] w.s.c.ServletWebServerApplicationContext : Root WebApplicationContext: initialization completed in 494 ms
2021-09-27 12:44:55.419  INFO 4624 --- [restartedMain] o.s.b.a.e.web.EndpointLinksResolver      : Exposing 14 endpoint(s) beneath base path '/actuator'
2021-09-27 12:44:55.428  INFO 4624 --- [restartedMain] o.s.s.web.DefaultSecurityFilterChain     : Will secure any request with [org.springframework.security.web.context.request.async.WebAsyncManagerIntegrationFilter@40842112, org.springframework.security.web.context.SecurityContextPersistenceFilter@e6cc6e7, org.springframework.security.web.header.HeaderWriterFilter@23cb8e56, org.springframework.web.filter.CorsFilter@3ae21920, org.springframework.security.web.csrf.CsrfFilter@bfabbee, org.springframework.security.web.authentication.logout.LogoutFilter@7977a327, org.springframework.security.web.authentication.UsernamePasswordAuthenticationFilter@56a4b1ea, org.springframework.security.web.authentication.ui.DefaultLoginPageGeneratingFilter@2bfe5174, org.springframework.security.web.authentication.ui.DefaultLogoutPageGeneratingFilter@49bac477, org.springframework.security.web.authentication.www.BasicAuthenticationFilter@583da06f, org.springframework.security.web.savedrequest.RequestCacheAwareFilter@3d50ea16, org.springframework.security.web.servletapi.SecurityContextHolderAwareRequestFilter@42166ad4, org.springframework.security.web.authentication.AnonymousAuthenticationFilter@7cb13bf7, org.springframework.security.web.session.SessionManagementFilter@501722c0, org.springframework.security.web.access.ExceptionTranslationFilter@4d9fd21e, org.springframework.security.web.access.intercept.FilterSecurityInterceptor@4149d81]
2021-09-27 12:44:55.471  INFO 4624 --- [restartedMain] o.s.b.d.a.OptionalLiveReloadServer       : LiveReload server is running on port 35729
2021-09-27 12:44:55.491  INFO 4624 --- [restartedMain] o.s.b.w.embedded.tomcat.TomcatWebServer  : Tomcat started on port(s): 9401 (http) with context path ''
2021-09-27 12:44:55.511  INFO 4624 --- [restartedMain] c.g.prabhu.MailServiceApplication        : Started MailServiceApplication in 1.056 seconds (JVM running for 24.84)
2021-09-27 12:44:55.515  INFO 4624 --- [restartedMain] .ConditionEvaluationDeltaLoggingListener : Condition evaluation unchanged
2021-09-27 12:45:05.602  WARN 4624 --- [registrationTask1] d.c.b.a.c.r.ApplicationRegistrator       : Failed to register application as Application(name=mail-service, managementUrl=http://DESKTOP-45K8SO5:9401/actuator, healthUrl=http://DESKTOP-45K8SO5:9401/actuator/health, serviceUrl=http://DESKTOP-45K8SO5:9401/) at spring-boot-admin ([http://localhost:6060/instances]): I/O error on POST request for "http://localhost:6060/instances": Connection refused: no further information; nested exception is java.net.ConnectException: Connection refused: no further information. Further attempts are logged on DEBUG level
2021-09-27 12:45:54.703  INFO 4624 --- [http-nio-9401-exec-1] o.a.c.c.C.[Tomcat].[localhost].[/]       : Initializing Spring DispatcherServlet 'dispatcherServlet'
2021-09-27 12:45:54.704  INFO 4624 --- [http-nio-9401-exec-1] o.s.web.servlet.DispatcherServlet        : Initializing Servlet 'dispatcherServlet'
2021-09-27 12:45:54.706  INFO 4624 --- [http-nio-9401-exec-1] o.s.web.servlet.DispatcherServlet        : Completed initialization in 2 ms
2021-09-27 12:50:06.683  INFO 4624 --- [restartedMain] c.g.prabhu.MailServiceApplication        : Starting MailServiceApplication using Java 15.0.1 on DESKTOP-45K8SO5 with PID 4624 (F:\Softwares\sts-workspace-new\MailService\target\classes started by Prabhu G in F:\Softwares\sts-workspace-new\MailService)
2021-09-27 12:50:06.684  INFO 4624 --- [restartedMain] c.g.prabhu.MailServiceApplication        : No active profile set, falling back to default profiles: default
2021-09-27 12:50:07.119  INFO 4624 --- [restartedMain] o.s.b.w.embedded.tomcat.TomcatWebServer  : Tomcat initialized with port(s): 9401 (http)
2021-09-27 12:50:07.120  INFO 4624 --- [restartedMain] o.apache.catalina.core.StandardService   : Starting service [Tomcat]
2021-09-27 12:50:07.120  INFO 4624 --- [restartedMain] org.apache.catalina.core.StandardEngine  : Starting Servlet engine: [Apache Tomcat/9.0.53]
2021-09-27 12:50:07.143  INFO 4624 --- [restartedMain] o.a.c.c.C.[Tomcat].[localhost].[/]       : Initializing Spring embedded WebApplicationContext
2021-09-27 12:50:07.144  INFO 4624 --- [restartedMain] w.s.c.ServletWebServerApplicationContext : Root WebApplicationContext: initialization completed in 457 ms
2021-09-27 12:50:07.534  INFO 4624 --- [restartedMain] o.s.b.a.e.web.EndpointLinksResolver      : Exposing 14 endpoint(s) beneath base path '/actuator'
2021-09-27 12:50:07.542  INFO 4624 --- [restartedMain] o.s.s.web.DefaultSecurityFilterChain     : Will secure any request with [org.springframework.security.web.context.request.async.WebAsyncManagerIntegrationFilter@22dce943, org.springframework.security.web.context.SecurityContextPersistenceFilter@bdd2c0e, org.springframework.security.web.header.HeaderWriterFilter@7d13a090, org.springframework.web.filter.CorsFilter@3b8fd1c4, org.springframework.security.web.csrf.CsrfFilter@5311f540, org.springframework.security.web.authentication.logout.LogoutFilter@743ebf04, org.springframework.security.web.authentication.UsernamePasswordAuthenticationFilter@4aa2c5f5, org.springframework.security.web.authentication.ui.DefaultLoginPageGeneratingFilter@345041f, org.springframework.security.web.authentication.ui.DefaultLogoutPageGeneratingFilter@67de262d, org.springframework.security.web.authentication.www.BasicAuthenticationFilter@192cd31a, org.springframework.security.web.savedrequest.RequestCacheAwareFilter@674e5ff5, org.springframework.security.web.servletapi.SecurityContextHolderAwareRequestFilter@73974ac, org.springframework.security.web.authentication.AnonymousAuthenticationFilter@18959dcf, org.springframework.security.web.session.SessionManagementFilter@57ba784c, org.springframework.security.web.access.ExceptionTranslationFilter@7753658d, org.springframework.security.web.access.intercept.FilterSecurityInterceptor@7b8458cb]
2021-09-27 12:50:07.588  INFO 4624 --- [restartedMain] o.s.b.d.a.OptionalLiveReloadServer       : LiveReload server is running on port 35729
2021-09-27 12:50:07.605  INFO 4624 --- [restartedMain] o.s.b.w.embedded.tomcat.TomcatWebServer  : Tomcat started on port(s): 9401 (http) with context path ''
2021-09-27 12:50:07.627  INFO 4624 --- [restartedMain] c.g.prabhu.MailServiceApplication        : Started MailServiceApplication in 0.978 seconds (JVM running for 336.955)
2021-09-27 12:50:07.631  INFO 4624 --- [restartedMain] .ConditionEvaluationDeltaLoggingListener : Condition evaluation unchanged
2021-09-27 12:50:16.939  WARN 4624 --- [registrationTask1] d.c.b.a.c.r.ApplicationRegistrator       : Failed to register application as Application(name=mail-service, managementUrl=http://DESKTOP-45K8SO5:9401/actuator, healthUrl=http://DESKTOP-45K8SO5:9401/actuator/health, serviceUrl=http://DESKTOP-45K8SO5:9401/) at spring-boot-admin ([http://localhost:6060/instances]): 401 : [no body]. Further attempts are logged on DEBUG level
2021-09-27 12:52:04.849  INFO 4624 --- [restartedMain] c.g.prabhu.MailServiceApplication        : Starting MailServiceApplication using Java 15.0.1 on DESKTOP-45K8SO5 with PID 4624 (F:\Softwares\sts-workspace-new\MailService\target\classes started by Prabhu G in F:\Softwares\sts-workspace-new\MailService)
2021-09-27 12:52:04.849  INFO 4624 --- [restartedMain] c.g.prabhu.MailServiceApplication        : No active profile set, falling back to default profiles: default
2021-09-27 12:52:05.402  INFO 4624 --- [restartedMain] o.s.b.w.embedded.tomcat.TomcatWebServer  : Tomcat initialized with port(s): 9401 (http)
2021-09-27 12:52:05.403  INFO 4624 --- [restartedMain] o.apache.catalina.core.StandardService   : Starting service [Tomcat]
2021-09-27 12:52:05.403  INFO 4624 --- [restartedMain] org.apache.catalina.core.StandardEngine  : Starting Servlet engine: [Apache Tomcat/9.0.53]
2021-09-27 12:52:05.427  INFO 4624 --- [restartedMain] o.a.c.c.C.[Tomcat].[localhost].[/]       : Initializing Spring embedded WebApplicationContext
2021-09-27 12:52:05.427  INFO 4624 --- [restartedMain] w.s.c.ServletWebServerApplicationContext : Root WebApplicationContext: initialization completed in 576 ms
2021-09-27 12:52:05.842  INFO 4624 --- [restartedMain] o.s.b.a.e.web.EndpointLinksResolver      : Exposing 14 endpoint(s) beneath base path '/actuator'
2021-09-27 12:52:05.850  INFO 4624 --- [restartedMain] o.s.s.web.DefaultSecurityFilterChain     : Will secure any request with [org.springframework.security.web.context.request.async.WebAsyncManagerIntegrationFilter@66055021, org.springframework.security.web.context.SecurityContextPersistenceFilter@5672e4c3, org.springframework.security.web.header.HeaderWriterFilter@507daf31, org.springframework.web.filter.CorsFilter@5e2b05d4, org.springframework.security.web.csrf.CsrfFilter@1948ef2b, org.springframework.security.web.authentication.logout.LogoutFilter@25761c00, org.springframework.security.web.authentication.UsernamePasswordAuthenticationFilter@4ac4ff7, org.springframework.security.web.authentication.ui.DefaultLoginPageGeneratingFilter@41fae38a, org.springframework.security.web.authentication.ui.DefaultLogoutPageGeneratingFilter@389e3a11, org.springframework.security.web.authentication.www.BasicAuthenticationFilter@66923347, org.springframework.security.web.savedrequest.RequestCacheAwareFilter@1fa74374, org.springframework.security.web.servletapi.SecurityContextHolderAwareRequestFilter@229e6396, org.springframework.security.web.authentication.AnonymousAuthenticationFilter@4f612e4e, org.springframework.security.web.session.SessionManagementFilter@89d634c, org.springframework.security.web.access.ExceptionTranslationFilter@5a1261d8, org.springframework.security.web.access.intercept.FilterSecurityInterceptor@1966724a]
2021-09-27 12:52:05.896  INFO 4624 --- [restartedMain] o.s.b.d.a.OptionalLiveReloadServer       : LiveReload server is running on port 35729
2021-09-27 12:52:05.913  INFO 4624 --- [restartedMain] o.s.b.w.embedded.tomcat.TomcatWebServer  : Tomcat started on port(s): 9401 (http) with context path ''
2021-09-27 12:52:05.941  INFO 4624 --- [restartedMain] c.g.prabhu.MailServiceApplication        : Started MailServiceApplication in 1.128 seconds (JVM running for 455.27)
2021-09-27 12:52:05.945  INFO 4624 --- [restartedMain] .ConditionEvaluationDeltaLoggingListener : Condition evaluation unchanged
2021-09-27 12:52:15.203  WARN 4624 --- [registrationTask1] d.c.b.a.c.r.ApplicationRegistrator       : Failed to register application as Application(name=mail-service, managementUrl=http://DESKTOP-45K8SO5:9401/actuator, healthUrl=http://DESKTOP-45K8SO5:9401/actuator/health, serviceUrl=http://DESKTOP-45K8SO5:9401/) at spring-boot-admin ([http://localhost:6060/instances]): 401 : [no body]. Further attempts are logged on DEBUG level
2021-09-27 12:55:02.413  INFO 4624 --- [restartedMain] c.g.prabhu.MailServiceApplication        : Starting MailServiceApplication using Java 15.0.1 on DESKTOP-45K8SO5 with PID 4624 (F:\Softwares\sts-workspace-new\MailService\target\classes started by Prabhu G in F:\Softwares\sts-workspace-new\MailService)
2021-09-27 12:55:02.414  INFO 4624 --- [restartedMain] c.g.prabhu.MailServiceApplication        : No active profile set, falling back to default profiles: default
2021-09-27 12:55:02.880  INFO 4624 --- [restartedMain] o.s.b.w.embedded.tomcat.TomcatWebServer  : Tomcat initialized with port(s): 9401 (http)
2021-09-27 12:55:02.881  INFO 4624 --- [restartedMain] o.apache.catalina.core.StandardService   : Starting service [Tomcat]
2021-09-27 12:55:02.882  INFO 4624 --- [restartedMain] org.apache.catalina.core.StandardEngine  : Starting Servlet engine: [Apache Tomcat/9.0.53]
2021-09-27 12:55:03.054  INFO 4624 --- [restartedMain] o.a.c.c.C.[Tomcat].[localhost].[/]       : Initializing Spring embedded WebApplicationContext
2021-09-27 12:55:03.054  INFO 4624 --- [restartedMain] w.s.c.ServletWebServerApplicationContext : Root WebApplicationContext: initialization completed in 636 ms
2021-09-27 12:55:03.526  INFO 4624 --- [restartedMain] o.s.b.a.e.web.EndpointLinksResolver      : Exposing 14 endpoint(s) beneath base path '/actuator'
2021-09-27 12:55:03.534  INFO 4624 --- [restartedMain] o.s.s.web.DefaultSecurityFilterChain     : Will secure any request with [org.springframework.security.web.context.request.async.WebAsyncManagerIntegrationFilter@2791f56d, org.springframework.security.web.context.SecurityContextPersistenceFilter@5737ae12, org.springframework.security.web.header.HeaderWriterFilter@1d0bddfb, org.springframework.web.filter.CorsFilter@35e71aa3, org.springframework.security.web.csrf.CsrfFilter@724458aa, org.springframework.security.web.authentication.logout.LogoutFilter@4a753ef4, org.springframework.security.web.authentication.UsernamePasswordAuthenticationFilter@15eca146, org.springframework.security.web.authentication.ui.DefaultLoginPageGeneratingFilter@57274ec5, org.springframework.security.web.authentication.ui.DefaultLogoutPageGeneratingFilter@45f17bc8, org.springframework.security.web.authentication.www.BasicAuthenticationFilter@62692b4c, org.springframework.security.web.savedrequest.RequestCacheAwareFilter@226aac54, org.springframework.security.web.servletapi.SecurityContextHolderAwareRequestFilter@61cd49e7, org.springframework.security.web.authentication.AnonymousAuthenticationFilter@6e690b71, org.springframework.security.web.session.SessionManagementFilter@7e6374c, org.springframework.security.web.access.ExceptionTranslationFilter@34283010, org.springframework.security.web.access.intercept.FilterSecurityInterceptor@2fe3d6bf]
2021-09-27 12:55:03.591  INFO 4624 --- [restartedMain] o.s.b.d.a.OptionalLiveReloadServer       : LiveReload server is running on port 35729
2021-09-27 12:55:03.621  INFO 4624 --- [restartedMain] o.s.b.w.embedded.tomcat.TomcatWebServer  : Tomcat started on port(s): 9401 (http) with context path ''
2021-09-27 12:55:03.645  INFO 4624 --- [restartedMain] c.g.prabhu.MailServiceApplication        : Started MailServiceApplication in 1.268 seconds (JVM running for 632.974)
2021-09-27 12:55:03.650  INFO 4624 --- [restartedMain] .ConditionEvaluationDeltaLoggingListener : Condition evaluation unchanged
2021-09-27 12:55:08.264  INFO 4624 --- [RMI TCP Connection(27)-127.0.0.1] inMXBeanRegistrar$SpringApplicationAdmin : Application shutdown requested.
2021-09-27 12:55:13.797  WARN 4624 --- [registrationTask1] d.c.b.a.c.r.ApplicationRegistrator       : Failed to register application as Application(name=mail-service, managementUrl=http://DESKTOP-45K8SO5:9401/actuator, healthUrl=http://DESKTOP-45K8SO5:9401/actuator/health, serviceUrl=http://DESKTOP-45K8SO5:9401/) at spring-boot-admin ([http://localhost:6060/instances]): I/O error on POST request for "http://localhost:6060/instances": Connection refused: no further information; nested exception is java.net.ConnectException: Connection refused: no further information. Further attempts are logged on DEBUG level
2021-09-27 12:56:03.079  INFO 10912 --- [restartedMain] c.g.prabhu.MailServiceApplication        : Starting MailServiceApplication using Java 15.0.1 on DESKTOP-45K8SO5 with PID 10912 (F:\Softwares\sts-workspace-new\MailService\target\classes started by Prabhu G in F:\Softwares\sts-workspace-new\MailService)
2021-09-27 12:56:03.086  INFO 10912 --- [restartedMain] c.g.prabhu.MailServiceApplication        : No active profile set, falling back to default profiles: default
2021-09-27 12:56:03.171  INFO 10912 --- [restartedMain] .e.DevToolsPropertyDefaultsPostProcessor : Devtools property defaults active! Set 'spring.devtools.add-properties' to 'false' to disable
2021-09-27 12:56:03.171  INFO 10912 --- [restartedMain] .e.DevToolsPropertyDefaultsPostProcessor : For additional web related logging consider setting the 'logging.level.web' property to 'DEBUG'
2021-09-27 12:56:05.798  INFO 10912 --- [restartedMain] o.s.b.w.embedded.tomcat.TomcatWebServer  : Tomcat initialized with port(s): 9401 (http)
2021-09-27 12:56:05.820  INFO 10912 --- [restartedMain] o.apache.catalina.core.StandardService   : Starting service [Tomcat]
2021-09-27 12:56:05.821  INFO 10912 --- [restartedMain] org.apache.catalina.core.StandardEngine  : Starting Servlet engine: [Apache Tomcat/9.0.53]
2021-09-27 12:56:05.985  INFO 10912 --- [restartedMain] o.a.c.c.C.[Tomcat].[localhost].[/]       : Initializing Spring embedded WebApplicationContext
2021-09-27 12:56:05.986  INFO 10912 --- [restartedMain] w.s.c.ServletWebServerApplicationContext : Root WebApplicationContext: initialization completed in 2814 ms
2021-09-27 12:56:09.316  INFO 10912 --- [restartedMain] o.s.b.a.e.web.EndpointLinksResolver      : Exposing 14 endpoint(s) beneath base path '/actuator'
2021-09-27 12:56:09.391  INFO 10912 --- [restartedMain] o.s.s.web.DefaultSecurityFilterChain     : Will secure any request with [org.springframework.security.web.context.request.async.WebAsyncManagerIntegrationFilter@59734fb5, org.springframework.security.web.context.SecurityContextPersistenceFilter@3bfb4412, org.springframework.security.web.header.HeaderWriterFilter@33cc06e5, org.springframework.web.filter.CorsFilter@5439542b, org.springframework.security.web.csrf.CsrfFilter@4950c46f, org.springframework.security.web.authentication.logout.LogoutFilter@1a161b21, org.springframework.security.web.authentication.UsernamePasswordAuthenticationFilter@129659c2, org.springframework.security.web.authentication.ui.DefaultLoginPageGeneratingFilter@8b5917d, org.springframework.security.web.authentication.ui.DefaultLogoutPageGeneratingFilter@46e7abb0, org.springframework.security.web.authentication.www.BasicAuthenticationFilter@1ec191a5, org.springframework.security.web.savedrequest.RequestCacheAwareFilter@3bfe417c, org.springframework.security.web.servletapi.SecurityContextHolderAwareRequestFilter@7959b681, org.springframework.security.web.authentication.AnonymousAuthenticationFilter@408fc69f, org.springframework.security.web.session.SessionManagementFilter@204b61c5, org.springframework.security.web.access.ExceptionTranslationFilter@492c3e2a, org.springframework.security.web.access.intercept.FilterSecurityInterceptor@1fcdd509]
2021-09-27 12:56:09.734  WARN 10912 --- [restartedMain] o.s.b.d.a.OptionalLiveReloadServer       : Unable to start LiveReload server
2021-09-27 12:56:09.814  INFO 10912 --- [restartedMain] o.s.b.w.embedded.tomcat.TomcatWebServer  : Tomcat started on port(s): 9401 (http) with context path ''
2021-09-27 12:56:09.845  INFO 10912 --- [restartedMain] c.g.prabhu.MailServiceApplication        : Started MailServiceApplication in 7.421 seconds (JVM running for 9.143)
2021-09-27 12:56:10.286  INFO 10912 --- [RMI TCP Connection(3)-127.0.0.1] o.a.c.c.C.[Tomcat].[localhost].[/]       : Initializing Spring DispatcherServlet 'dispatcherServlet'
2021-09-27 12:56:10.287  INFO 10912 --- [RMI TCP Connection(3)-127.0.0.1] o.s.web.servlet.DispatcherServlet        : Initializing Servlet 'dispatcherServlet'
2021-09-27 12:56:10.289  INFO 10912 --- [RMI TCP Connection(3)-127.0.0.1] o.s.web.servlet.DispatcherServlet        : Completed initialization in 2 ms
2021-09-27 12:56:14.799  WARN 10912 --- [registrationTask1] d.c.b.a.c.r.ApplicationRegistrator       : Failed to register application as Application(name=mail-service, managementUrl=http://DESKTOP-45K8SO5:9401/actuator, healthUrl=http://DESKTOP-45K8SO5:9401/actuator/health, serviceUrl=http://DESKTOP-45K8SO5:9401/) at spring-boot-admin ([http://localhost:6060/instances]): 401 : [no body]. Further attempts are logged on DEBUG level
2021-09-27 18:23:13.949  INFO 10848 --- [restartedMain] c.g.prabhu.MailServiceApplication        : Starting MailServiceApplication using Java 15.0.1 on DESKTOP-45K8SO5 with PID 10848 (F:\Softwares\sts-workspace-new\MailService\target\classes started by Prabhu G in F:\Softwares\sts-workspace-new\MailService)
2021-09-27 18:23:13.956  INFO 10848 --- [restartedMain] c.g.prabhu.MailServiceApplication        : No active profile set, falling back to default profiles: default
2021-09-27 18:23:14.041  INFO 10848 --- [restartedMain] .e.DevToolsPropertyDefaultsPostProcessor : Devtools property defaults active! Set 'spring.devtools.add-properties' to 'false' to disable
2021-09-27 18:23:14.042  INFO 10848 --- [restartedMain] .e.DevToolsPropertyDefaultsPostProcessor : For additional web related logging consider setting the 'logging.level.web' property to 'DEBUG'
2021-09-27 18:23:16.347  INFO 10848 --- [restartedMain] o.s.b.w.embedded.tomcat.TomcatWebServer  : Tomcat initialized with port(s): 9401 (http)
2021-09-27 18:23:16.374  INFO 10848 --- [restartedMain] o.apache.catalina.core.StandardService   : Starting service [Tomcat]
2021-09-27 18:23:16.374  INFO 10848 --- [restartedMain] org.apache.catalina.core.StandardEngine  : Starting Servlet engine: [Apache Tomcat/9.0.53]
2021-09-27 18:23:16.480  INFO 10848 --- [restartedMain] o.a.c.c.C.[Tomcat].[localhost].[/]       : Initializing Spring embedded WebApplicationContext
2021-09-27 18:23:16.480  INFO 10848 --- [restartedMain] w.s.c.ServletWebServerApplicationContext : Root WebApplicationContext: initialization completed in 2437 ms
2021-09-27 18:23:19.096  INFO 10848 --- [restartedMain] o.s.b.a.e.web.EndpointLinksResolver      : Exposing 14 endpoint(s) beneath base path '/actuator'
2021-09-27 18:23:19.175  INFO 10848 --- [restartedMain] o.s.s.web.DefaultSecurityFilterChain     : Will secure any request with [org.springframework.security.web.context.request.async.WebAsyncManagerIntegrationFilter@1a31b5bc, org.springframework.security.web.context.SecurityContextPersistenceFilter@41a77706, org.springframework.security.web.header.HeaderWriterFilter@6ab8bb05, org.springframework.web.filter.CorsFilter@41595a45, org.springframework.security.web.csrf.CsrfFilter@2727cfd6, org.springframework.security.web.authentication.logout.LogoutFilter@29dce4f4, org.springframework.security.web.authentication.UsernamePasswordAuthenticationFilter@43035ef1, org.springframework.security.web.authentication.ui.DefaultLoginPageGeneratingFilter@236e0ce6, org.springframework.security.web.authentication.ui.DefaultLogoutPageGeneratingFilter@767278b, org.springframework.security.web.authentication.www.BasicAuthenticationFilter@5893cd68, org.springframework.security.web.savedrequest.RequestCacheAwareFilter@b542bfc, org.springframework.security.web.servletapi.SecurityContextHolderAwareRequestFilter@ff7714b, org.springframework.security.web.authentication.AnonymousAuthenticationFilter@69b8b201, org.springframework.security.web.session.SessionManagementFilter@44dc5bbb, org.springframework.security.web.access.ExceptionTranslationFilter@1fbeeefb, org.springframework.security.web.access.intercept.FilterSecurityInterceptor@553ca512]
2021-09-27 18:23:19.518  WARN 10848 --- [restartedMain] o.s.b.d.a.OptionalLiveReloadServer       : Unable to start LiveReload server
2021-09-27 18:23:19.601  INFO 10848 --- [restartedMain] o.s.b.w.embedded.tomcat.TomcatWebServer  : Tomcat started on port(s): 9401 (http) with context path ''
2021-09-27 18:23:19.635  INFO 10848 --- [restartedMain] c.g.prabhu.MailServiceApplication        : Started MailServiceApplication in 6.368 seconds (JVM running for 7.945)
2021-09-27 18:23:20.371  INFO 10848 --- [RMI TCP Connection(3)-127.0.0.1] o.a.c.c.C.[Tomcat].[localhost].[/]       : Initializing Spring DispatcherServlet 'dispatcherServlet'
2021-09-27 18:23:20.371  INFO 10848 --- [RMI TCP Connection(3)-127.0.0.1] o.s.web.servlet.DispatcherServlet        : Initializing Servlet 'dispatcherServlet'
2021-09-27 18:23:20.373  INFO 10848 --- [RMI TCP Connection(3)-127.0.0.1] o.s.web.servlet.DispatcherServlet        : Completed initialization in 2 ms
2021-09-27 18:23:46.938  WARN 10848 --- [registrationTask1] d.c.b.a.c.r.ApplicationRegistrator       : Failed to register application as Application(name=mail-service, managementUrl=http://DESKTOP-45K8SO5:9401/actuator, healthUrl=http://DESKTOP-45K8SO5:9401/actuator/health, serviceUrl=http://DESKTOP-45K8SO5:9401/) at spring-boot-admin ([http://localhost:6060/instances]): 401 : [no body]. Further attempts are logged on DEBUG level
2021-09-27 18:32:40.528  INFO 10244 --- [restartedMain] c.g.prabhu.MailServiceApplication        : Starting MailServiceApplication using Java 15.0.1 on DESKTOP-45K8SO5 with PID 10244 (F:\Softwares\sts-workspace-new\MailService\target\classes started by Prabhu G in F:\Softwares\sts-workspace-new\MailService)
2021-09-27 18:32:40.534  INFO 10244 --- [restartedMain] c.g.prabhu.MailServiceApplication        : No active profile set, falling back to default profiles: default
2021-09-27 18:32:40.628  INFO 10244 --- [restartedMain] .e.DevToolsPropertyDefaultsPostProcessor : Devtools property defaults active! Set 'spring.devtools.add-properties' to 'false' to disable
2021-09-27 18:32:40.629  INFO 10244 --- [restartedMain] .e.DevToolsPropertyDefaultsPostProcessor : For additional web related logging consider setting the 'logging.level.web' property to 'DEBUG'
2021-09-27 18:32:42.821  INFO 10244 --- [restartedMain] o.s.b.w.embedded.tomcat.TomcatWebServer  : Tomcat initialized with port(s): 9401 (http)
2021-09-27 18:32:42.848  INFO 10244 --- [restartedMain] o.apache.catalina.core.StandardService   : Starting service [Tomcat]
2021-09-27 18:32:42.848  INFO 10244 --- [restartedMain] org.apache.catalina.core.StandardEngine  : Starting Servlet engine: [Apache Tomcat/9.0.53]
2021-09-27 18:32:42.958  INFO 10244 --- [restartedMain] o.a.c.c.C.[Tomcat].[localhost].[/]       : Initializing Spring embedded WebApplicationContext
2021-09-27 18:32:42.959  INFO 10244 --- [restartedMain] w.s.c.ServletWebServerApplicationContext : Root WebApplicationContext: initialization completed in 2328 ms
2021-09-27 18:32:45.579  INFO 10244 --- [restartedMain] o.s.b.a.e.web.EndpointLinksResolver      : Exposing 14 endpoint(s) beneath base path '/actuator'
2021-09-27 18:32:45.658  INFO 10244 --- [restartedMain] o.s.s.web.DefaultSecurityFilterChain     : Will secure any request with [org.springframework.security.web.context.request.async.WebAsyncManagerIntegrationFilter@1044c943, org.springframework.security.web.context.SecurityContextPersistenceFilter@20879603, org.springframework.security.web.header.HeaderWriterFilter@77fb890b, org.springframework.web.filter.CorsFilter@6e370a12, org.springframework.security.web.csrf.CsrfFilter@22360dc2, org.springframework.security.web.authentication.logout.LogoutFilter@67ecc288, org.springframework.security.web.authentication.UsernamePasswordAuthenticationFilter@691c9667, org.springframework.security.web.authentication.ui.DefaultLoginPageGeneratingFilter@4fa306da, org.springframework.security.web.authentication.ui.DefaultLogoutPageGeneratingFilter@f6aed33, org.springframework.security.web.authentication.www.BasicAuthenticationFilter@bcd5e31, org.springframework.security.web.savedrequest.RequestCacheAwareFilter@1b4411c6, org.springframework.security.web.servletapi.SecurityContextHolderAwareRequestFilter@3d296a46, org.springframework.security.web.authentication.AnonymousAuthenticationFilter@65b43217, org.springframework.security.web.session.SessionManagementFilter@545db6b4, org.springframework.security.web.access.ExceptionTranslationFilter@164d0775, org.springframework.security.web.access.intercept.FilterSecurityInterceptor@78f6c0ed]
2021-09-27 18:32:46.001  WARN 10244 --- [restartedMain] o.s.b.d.a.OptionalLiveReloadServer       : Unable to start LiveReload server
2021-09-27 18:32:46.060  WARN 10244 --- [restartedMain] ConfigServletWebServerApplicationContext : Exception encountered during context initialization - cancelling refresh attempt: org.springframework.context.ApplicationContextException: Failed to start bean 'webServerStartStop'; nested exception is org.springframework.boot.web.server.PortInUseException: Port 9401 is already in use
2021-09-27 18:32:46.076  INFO 10244 --- [restartedMain] o.apache.catalina.core.StandardService   : Stopping service [Tomcat]
2021-09-27 18:32:46.109  INFO 10244 --- [restartedMain] ConditionEvaluationReportLoggingListener : 

Error starting ApplicationContext. To display the conditions report re-run your application with 'debug' enabled.
2021-09-27 18:32:46.247 ERROR 10244 --- [restartedMain] o.s.b.d.LoggingFailureAnalysisReporter   : 

***************************
APPLICATION FAILED TO START
***************************

Description:

Web server failed to start. Port 9401 was already in use.

Action:

Identify and stop the process that's listening on port 9401 or configure this application to listen on another port.

2021-09-27 18:33:37.947  INFO 7324 --- [restartedMain] c.g.prabhu.MailServiceApplication        : Starting MailServiceApplication using Java 15.0.1 on DESKTOP-45K8SO5 with PID 7324 (F:\Softwares\sts-workspace-new\MailService\target\classes started by Prabhu G in F:\Softwares\sts-workspace-new\MailService)
2021-09-27 18:33:37.953  INFO 7324 --- [restartedMain] c.g.prabhu.MailServiceApplication        : No active profile set, falling back to default profiles: default
2021-09-27 18:33:38.048  INFO 7324 --- [restartedMain] .e.DevToolsPropertyDefaultsPostProcessor : Devtools property defaults active! Set 'spring.devtools.add-properties' to 'false' to disable
2021-09-27 18:33:38.049  INFO 7324 --- [restartedMain] .e.DevToolsPropertyDefaultsPostProcessor : For additional web related logging consider setting the 'logging.level.web' property to 'DEBUG'
2021-09-27 18:33:40.296  INFO 7324 --- [restartedMain] o.s.b.w.embedded.tomcat.TomcatWebServer  : Tomcat initialized with port(s): 9401 (http)
2021-09-27 18:33:40.310  INFO 7324 --- [restartedMain] o.apache.catalina.core.StandardService   : Starting service [Tomcat]
2021-09-27 18:33:40.311  INFO 7324 --- [restartedMain] org.apache.catalina.core.StandardEngine  : Starting Servlet engine: [Apache Tomcat/9.0.53]
2021-09-27 18:33:40.412  INFO 7324 --- [restartedMain] o.a.c.c.C.[Tomcat].[localhost].[/]       : Initializing Spring embedded WebApplicationContext
2021-09-27 18:33:40.413  INFO 7324 --- [restartedMain] w.s.c.ServletWebServerApplicationContext : Root WebApplicationContext: initialization completed in 2363 ms
2021-09-27 18:33:42.993  INFO 7324 --- [restartedMain] o.s.b.a.e.web.EndpointLinksResolver      : Exposing 14 endpoint(s) beneath base path '/actuator'
2021-09-27 18:33:43.070  INFO 7324 --- [restartedMain] o.s.s.web.DefaultSecurityFilterChain     : Will secure any request with [org.springframework.security.web.context.request.async.WebAsyncManagerIntegrationFilter@3e4d910f, org.springframework.security.web.context.SecurityContextPersistenceFilter@65d05a7b, org.springframework.security.web.header.HeaderWriterFilter@e0345d1, org.springframework.web.filter.CorsFilter@7883e6f5, org.springframework.security.web.csrf.CsrfFilter@7d0ac232, org.springframework.security.web.authentication.logout.LogoutFilter@4c725dc1, org.springframework.security.web.authentication.UsernamePasswordAuthenticationFilter@7de7ccff, org.springframework.security.web.authentication.ui.DefaultLoginPageGeneratingFilter@38e4d1da, org.springframework.security.web.authentication.ui.DefaultLogoutPageGeneratingFilter@7c7fdf3f, org.springframework.security.web.authentication.www.BasicAuthenticationFilter@4308fe04, org.springframework.security.web.savedrequest.RequestCacheAwareFilter@336bbffa, org.springframework.security.web.servletapi.SecurityContextHolderAwareRequestFilter@488271de, org.springframework.security.web.authentication.AnonymousAuthenticationFilter@1b933898, org.springframework.security.web.session.SessionManagementFilter@3e375a6c, org.springframework.security.web.access.ExceptionTranslationFilter@4951c70a, org.springframework.security.web.access.intercept.FilterSecurityInterceptor@4fe3311f]
2021-09-27 18:33:43.474  WARN 7324 --- [restartedMain] o.s.b.d.a.OptionalLiveReloadServer       : Unable to start LiveReload server
2021-09-27 18:33:43.494  INFO 7324 --- [RMI TCP Connection(3)-127.0.0.1] o.a.c.c.C.[Tomcat].[localhost].[/]       : Initializing Spring DispatcherServlet 'dispatcherServlet'
2021-09-27 18:33:43.495  INFO 7324 --- [RMI TCP Connection(3)-127.0.0.1] o.s.web.servlet.DispatcherServlet        : Initializing Servlet 'dispatcherServlet'
2021-09-27 18:33:43.497  INFO 7324 --- [RMI TCP Connection(3)-127.0.0.1] o.s.web.servlet.DispatcherServlet        : Completed initialization in 2 ms
2021-09-27 18:33:43.581  INFO 7324 --- [restartedMain] o.s.b.w.embedded.tomcat.TomcatWebServer  : Tomcat started on port(s): 9401 (http) with context path ''
2021-09-27 18:33:43.595  INFO 7324 --- [restartedMain] c.g.prabhu.MailServiceApplication        : Started MailServiceApplication in 6.285 seconds (JVM running for 7.739)
2021-09-27 18:34:11.176  WARN 7324 --- [registrationTask1] d.c.b.a.c.r.ApplicationRegistrator       : Failed to register application as Application(name=mail-service, managementUrl=http://DESKTOP-45K8SO5:9401/actuator, healthUrl=http://DESKTOP-45K8SO5:9401/actuator/health, serviceUrl=http://DESKTOP-45K8SO5:9401/) at spring-boot-admin ([http://localhost:6060/instances]): 401 : [no body]. Further attempts are logged on DEBUG level
2021-09-27 18:37:58.384  INFO 7324 --- [restartedMain] c.g.prabhu.MailServiceApplication        : Starting MailServiceApplication using Java 15.0.1 on DESKTOP-45K8SO5 with PID 7324 (F:\Softwares\sts-workspace-new\MailService\target\classes started by Prabhu G in F:\Softwares\sts-workspace-new\MailService)
2021-09-27 18:37:58.384  INFO 7324 --- [restartedMain] c.g.prabhu.MailServiceApplication        : No active profile set, falling back to default profiles: default
2021-09-27 18:37:58.994  INFO 7324 --- [restartedMain] o.s.b.w.embedded.tomcat.TomcatWebServer  : Tomcat initialized with port(s): 9401 (http)
2021-09-27 18:37:58.995  INFO 7324 --- [restartedMain] o.apache.catalina.core.StandardService   : Starting service [Tomcat]
2021-09-27 18:37:58.996  INFO 7324 --- [restartedMain] org.apache.catalina.core.StandardEngine  : Starting Servlet engine: [Apache Tomcat/9.0.53]
2021-09-27 18:37:59.022  INFO 7324 --- [restartedMain] o.a.c.c.C.[Tomcat].[localhost].[/]       : Initializing Spring embedded WebApplicationContext
2021-09-27 18:37:59.023  INFO 7324 --- [restartedMain] w.s.c.ServletWebServerApplicationContext : Root WebApplicationContext: initialization completed in 635 ms
2021-09-27 18:37:59.518  INFO 7324 --- [restartedMain] o.s.b.a.e.web.EndpointLinksResolver      : Exposing 14 endpoint(s) beneath base path '/actuator'
2021-09-27 18:37:59.537  INFO 7324 --- [restartedMain] o.s.s.web.DefaultSecurityFilterChain     : Will secure any request with [org.springframework.security.web.context.request.async.WebAsyncManagerIntegrationFilter@6fd68d8, org.springframework.security.web.context.SecurityContextPersistenceFilter@6767177e, org.springframework.security.web.header.HeaderWriterFilter@f0f7be1, org.springframework.web.filter.CorsFilter@280c6795, org.springframework.security.web.csrf.CsrfFilter@4995252c, org.springframework.security.web.authentication.logout.LogoutFilter@26acdb56, org.springframework.security.web.authentication.UsernamePasswordAuthenticationFilter@65ac2cc8, org.springframework.security.web.authentication.ui.DefaultLoginPageGeneratingFilter@58ea3848, org.springframework.security.web.authentication.ui.DefaultLogoutPageGeneratingFilter@2cc2d430, org.springframework.security.web.authentication.www.BasicAuthenticationFilter@1be7a246, org.springframework.security.web.savedrequest.RequestCacheAwareFilter@745aa7c0, org.springframework.security.web.servletapi.SecurityContextHolderAwareRequestFilter@7e1ad9, org.springframework.security.web.authentication.AnonymousAuthenticationFilter@a91a67c, org.springframework.security.web.session.SessionManagementFilter@73beef0, org.springframework.security.web.access.ExceptionTranslationFilter@533802d0, org.springframework.security.web.access.intercept.FilterSecurityInterceptor@53766ea2]
2021-09-27 18:37:59.605  WARN 7324 --- [restartedMain] o.s.b.d.a.OptionalLiveReloadServer       : Unable to start LiveReload server
2021-09-27 18:37:59.635  INFO 7324 --- [restartedMain] o.s.b.w.embedded.tomcat.TomcatWebServer  : Tomcat started on port(s): 9401 (http) with context path ''
2021-09-27 18:37:59.659  INFO 7324 --- [restartedMain] c.g.prabhu.MailServiceApplication        : Started MailServiceApplication in 1.321 seconds (JVM running for 263.804)
2021-09-27 18:37:59.664  INFO 7324 --- [restartedMain] .ConditionEvaluationDeltaLoggingListener : Condition evaluation unchanged
2021-09-27 18:38:23.943  WARN 7324 --- [registrationTask1] d.c.b.a.c.r.ApplicationRegistrator       : Failed to register application as Application(name=mail-service, managementUrl=http://DESKTOP-45K8SO5:9401/actuator, healthUrl=http://DESKTOP-45K8SO5:9401/actuator/health, serviceUrl=http://DESKTOP-45K8SO5:9401/) at spring-boot-admin ([http://localhost:6060/instances]): 401 : [no body]. Further attempts are logged on DEBUG level
2021-09-27 18:39:45.718  INFO 7324 --- [restartedMain] c.g.prabhu.MailServiceApplication        : Starting MailServiceApplication using Java 15.0.1 on DESKTOP-45K8SO5 with PID 7324 (F:\Softwares\sts-workspace-new\MailService\target\classes started by Prabhu G in F:\Softwares\sts-workspace-new\MailService)
2021-09-27 18:39:45.722  INFO 7324 --- [restartedMain] c.g.prabhu.MailServiceApplication        : No active profile set, falling back to default profiles: default
2021-09-27 18:39:46.300  INFO 7324 --- [restartedMain] o.s.b.w.embedded.tomcat.TomcatWebServer  : Tomcat initialized with port(s): 9401 (http)
2021-09-27 18:39:46.301  INFO 7324 --- [restartedMain] o.apache.catalina.core.StandardService   : Starting service [Tomcat]
2021-09-27 18:39:46.301  INFO 7324 --- [restartedMain] org.apache.catalina.core.StandardEngine  : Starting Servlet engine: [Apache Tomcat/9.0.53]
2021-09-27 18:39:46.327  INFO 7324 --- [restartedMain] o.a.c.c.C.[Tomcat].[localhost].[/]       : Initializing Spring embedded WebApplicationContext
2021-09-27 18:39:46.328  INFO 7324 --- [restartedMain] w.s.c.ServletWebServerApplicationContext : Root WebApplicationContext: initialization completed in 596 ms
2021-09-27 18:39:46.801  INFO 7324 --- [restartedMain] o.s.b.a.e.web.EndpointLinksResolver      : Exposing 14 endpoint(s) beneath base path '/actuator'
2021-09-27 18:39:46.820  INFO 7324 --- [restartedMain] o.s.s.web.DefaultSecurityFilterChain     : Will secure any request with [org.springframework.security.web.context.request.async.WebAsyncManagerIntegrationFilter@6629458c, org.springframework.security.web.context.SecurityContextPersistenceFilter@684a8389, org.springframework.security.web.header.HeaderWriterFilter@65a4144f, org.springframework.web.filter.CorsFilter@16c7d9b6, org.springframework.security.web.csrf.CsrfFilter@3337de10, org.springframework.security.web.authentication.logout.LogoutFilter@7edea696, org.springframework.security.web.authentication.UsernamePasswordAuthenticationFilter@664598dc, org.springframework.security.web.authentication.ui.DefaultLoginPageGeneratingFilter@3c5924ba, org.springframework.security.web.authentication.ui.DefaultLogoutPageGeneratingFilter@5c8e30ca, org.springframework.security.web.authentication.www.BasicAuthenticationFilter@73f32cb9, org.springframework.security.web.savedrequest.RequestCacheAwareFilter@1ccc5be8, org.springframework.security.web.servletapi.SecurityContextHolderAwareRequestFilter@590f3252, org.springframework.security.web.authentication.AnonymousAuthenticationFilter@36f24906, org.springframework.security.web.session.SessionManagementFilter@65800677, org.springframework.security.web.access.ExceptionTranslationFilter@160c4fdf, org.springframework.security.web.access.intercept.FilterSecurityInterceptor@4fa1282]
2021-09-27 18:39:46.883  WARN 7324 --- [restartedMain] o.s.b.d.a.OptionalLiveReloadServer       : Unable to start LiveReload server
2021-09-27 18:39:46.909  INFO 7324 --- [restartedMain] o.s.b.w.embedded.tomcat.TomcatWebServer  : Tomcat started on port(s): 9401 (http) with context path ''
2021-09-27 18:39:46.942  INFO 7324 --- [restartedMain] c.g.prabhu.MailServiceApplication        : Started MailServiceApplication in 1.282 seconds (JVM running for 371.087)
2021-09-27 18:39:46.948  INFO 7324 --- [restartedMain] .ConditionEvaluationDeltaLoggingListener : Condition evaluation unchanged
